<html>
<head>
<title>TestNG:  test</title>
<link href="../testng.css" rel="stylesheet" type="text/css" />
<link href="../my-testng.css" rel="stylesheet" type="text/css" />

<style type="text/css">
.log { display: none;} 
.stack-trace { display: none;} 
</style>
<script type="text/javascript">
<!--
function flip(e) {
  current = e.style.display;
  if (current == 'block') {
    e.style.display = 'none';
    return 0;
  }
  else {
    e.style.display = 'block';
    return 1;
  }
}

function toggleBox(szDivId, elem, msg1, msg2)
{
  var res = -1;  if (document.getElementById) {
    res = flip(document.getElementById(szDivId));
  }
  else if (document.all) {
    // this is the way old msie versions work
    res = flip(document.all[szDivId]);
  }
  if(elem) {
    if(res == 0) elem.innerHTML = msg1; else elem.innerHTML = msg2;
  }

}

function toggleAllBoxes() {
  if (document.getElementsByTagName) {
    d = document.getElementsByTagName('div');
    for (i = 0; i < d.length; i++) {
      if (d[i].className == 'log') {
        flip(d[i]);
      }
    }
  }
}

// -->
</script>

</head>
<body>
<h2 align='center'>test</h2><table border='1' align="center">
<tr>
<td>Tests passed/Failed/Skipped:</td><td>18/2/0</td>
</tr><tr>
<td>Started on:</td><td>Tue Aug 13 14:51:41 IST 2024</td>
</tr>
<tr><td>Total time:</td><td>86 seconds (86803 ms)</td>
</tr><tr>
<td>Included groups:</td><td></td>
</tr><tr>
<td>Excluded groups:</td><td></td>
</tr>
</table><p/>
<small><i>(Hover the method name to see the test class name)</i></small><p/>
<table width='100%' border='1' class='invocation-failed'>
<tr><td colspan='4' align='center'><b>FAILED TESTS</b></td></tr>
<tr><td><b>Test method</b></td>
<td><b>Attribute(s)</b></td>
<td width="30%"><b>Exception</b></td>
<td width="10%"><b>Time (seconds)</b></td>
<td><b>Instance</b></td>
</tr>
<tr>
<td title='Tests.HomePageTest.testWithHeadings()'><b>testWithHeadings</b><br>Test class: Tests.HomePageTest</td>
<td><div><pre>java.lang.AssertionError: expected [2] but found [3]
	at Tests.HomePageTest.testWithHeadings(HomePageTest.java:56)
	at java.base/java.util.ArrayList.forEach(ArrayList.java:1540)
... Removed 33 stack frames</pre></div><a href='#' onClick='toggleBox("stack-trace1476116591", this, "Click to show all stack frames", "Click to hide stack frames")'>Click to show all stack frames</a>
<div class='stack-trace' id='stack-trace1476116591'><pre>java.lang.AssertionError: expected [2] but found [3]
	at org.testng.Assert.fail(Assert.java:111)
	at org.testng.Assert.failNotEquals(Assert.java:1578)
	at org.testng.Assert.assertEqualsImpl(Assert.java:150)
	at org.testng.Assert.assertEquals(Assert.java:132)
	at org.testng.Assert.assertEquals(Assert.java:1419)
	at org.testng.Assert.assertEquals(Assert.java:1383)
	at org.testng.Assert.assertEquals(Assert.java:1429)
	at Tests.HomePageTest.testWithHeadings(HomePageTest.java:56)
	at java.base/jdk.internal.reflect.NativeMethodAccessorImpl.invoke0(Native Method)
	at java.base/jdk.internal.reflect.NativeMethodAccessorImpl.invoke(NativeMethodAccessorImpl.java:62)
	at java.base/jdk.internal.reflect.DelegatingMethodAccessorImpl.invoke(DelegatingMethodAccessorImpl.java:43)
	at java.base/java.lang.reflect.Method.invoke(Method.java:566)
	at org.testng.internal.invokers.MethodInvocationHelper.invokeMethod(MethodInvocationHelper.java:139)
	at org.testng.internal.invokers.TestInvoker.invokeMethod(TestInvoker.java:664)
	at org.testng.internal.invokers.TestInvoker.invokeTestMethod(TestInvoker.java:227)
	at org.testng.internal.invokers.MethodRunner.runInSequence(MethodRunner.java:50)
	at org.testng.internal.invokers.TestInvoker$MethodInvocationAgent.invoke(TestInvoker.java:957)
	at org.testng.internal.invokers.TestInvoker.invokeTestMethods(TestInvoker.java:200)
	at org.testng.internal.invokers.TestMethodWorker.invokeTestMethods(TestMethodWorker.java:148)
	at org.testng.internal.invokers.TestMethodWorker.run(TestMethodWorker.java:128)
	at java.base/java.util.ArrayList.forEach(ArrayList.java:1540)
	at org.testng.TestRunner.privateRun(TestRunner.java:848)
	at org.testng.TestRunner.run(TestRunner.java:621)
	at org.testng.SuiteRunner.runTest(SuiteRunner.java:443)
	at org.testng.SuiteRunner.runSequentially(SuiteRunner.java:437)
	at org.testng.SuiteRunner.privateRun(SuiteRunner.java:397)
	at org.testng.SuiteRunner.run(SuiteRunner.java:336)
	at org.testng.SuiteRunnerWorker.runSuite(SuiteRunnerWorker.java:52)
	at org.testng.SuiteRunnerWorker.run(SuiteRunnerWorker.java:95)
	at org.testng.TestNG.runSuitesSequentially(TestNG.java:1280)
	at org.testng.TestNG.runSuitesLocally(TestNG.java:1200)
	at org.testng.TestNG.runSuites(TestNG.java:1114)
	at org.testng.TestNG.run(TestNG.java:1082)
	at org.testng.IDEARemoteTestNG.run(IDEARemoteTestNG.java:73)
	at org.testng.RemoteTestNGStarter.main(RemoteTestNGStarter.java:123)
</pre></div></td>
<td>1</td>
<td>Tests.HomePageTest@6d3a388c</td></tr>
<tr>
<td title='Tests.AccountPageTest.testWithLogo()'><b>testWithLogo</b><br>Test class: Tests.AccountPageTest</td>
<td><div><pre>org.openqa.selenium.TimeoutException: Expected condition failed: waiting for visibility of element located by By.className: website-logo (tried for 10 second(s) with 500 milliseconds interval)
Build info: version: &apos;4.9.1&apos;, revision: &apos;eb2032df7f&apos;
System info: os.name: &apos;Windows 10&apos;, os.arch: &apos;amd64&apos;, os.version: &apos;10.0&apos;, java.version: &apos;11.0.2&apos;
Driver info: org.openqa.selenium.chrome.ChromeDriver
Capabilities {acceptInsecureCerts: false, browserName: chrome, browserVersion: 127.0.6533.100, chrome: {chromedriverVersion: 126.0.6478.126 (d36ace6122e..., userDataDir: C:\Users\PCA924~1\AppData\L...}, fedcm:accounts: true, goog:chromeOptions: {debuggerAddress: localhost:55357}, networkConnectionEnabled: false, pageLoadStrategy: normal, platformName: windows, proxy: Proxy(), se:cdp: ws://localhost:55357/devtoo..., se:cdpVersion: 127.0.6533.100, setWindowRect: true, strictFileInteractability: false, timeouts: {implicit: 0, pageLoad: 300000, script: 30000}, unhandledPromptBehavior: dismiss and notify, webauthn:extension:credBlob: true, webauthn:extension:largeBlob: true, webauthn:extension:minPinLength: true, webauthn:extension:prf: true, webauthn:virtualAuthenticators: true}
Session ID: 3c37afe46ac7535ffbeee738b2146eca
	at org.openqa.selenium.support.ui.WebDriverWait.timeoutException(WebDriverWait.java:87)
	at org.openqa.selenium.support.ui.FluentWait.until(FluentWait.java:231)
	at Tests.AccountPageTest.testWithLogo(AccountPageTest.java:40)
	at java.base/java.util.ArrayList.forEach(ArrayList.java:1540)
... Removed 26 stack frames</pre></div><a href='#' onClick='toggleBox("stack-trace307531674", this, "Click to show all stack frames", "Click to hide stack frames")'>Click to show all stack frames</a>
<div class='stack-trace' id='stack-trace307531674'><pre>org.openqa.selenium.TimeoutException: Expected condition failed: waiting for visibility of element located by By.className: website-logo (tried for 10 second(s) with 500 milliseconds interval)
Build info: version: &apos;4.9.1&apos;, revision: &apos;eb2032df7f&apos;
System info: os.name: &apos;Windows 10&apos;, os.arch: &apos;amd64&apos;, os.version: &apos;10.0&apos;, java.version: &apos;11.0.2&apos;
Driver info: org.openqa.selenium.chrome.ChromeDriver
Capabilities {acceptInsecureCerts: false, browserName: chrome, browserVersion: 127.0.6533.100, chrome: {chromedriverVersion: 126.0.6478.126 (d36ace6122e..., userDataDir: C:\Users\PCA924~1\AppData\L...}, fedcm:accounts: true, goog:chromeOptions: {debuggerAddress: localhost:55357}, networkConnectionEnabled: false, pageLoadStrategy: normal, platformName: windows, proxy: Proxy(), se:cdp: ws://localhost:55357/devtoo..., se:cdpVersion: 127.0.6533.100, setWindowRect: true, strictFileInteractability: false, timeouts: {implicit: 0, pageLoad: 300000, script: 30000}, unhandledPromptBehavior: dismiss and notify, webauthn:extension:credBlob: true, webauthn:extension:largeBlob: true, webauthn:extension:minPinLength: true, webauthn:extension:prf: true, webauthn:virtualAuthenticators: true}
Session ID: 3c37afe46ac7535ffbeee738b2146eca
	at org.openqa.selenium.support.ui.WebDriverWait.timeoutException(WebDriverWait.java:87)
	at org.openqa.selenium.support.ui.FluentWait.until(FluentWait.java:231)
	at Tests.AccountPageTest.testWithLogo(AccountPageTest.java:40)
	at java.base/jdk.internal.reflect.NativeMethodAccessorImpl.invoke0(Native Method)
	at java.base/jdk.internal.reflect.NativeMethodAccessorImpl.invoke(NativeMethodAccessorImpl.java:62)
	at java.base/jdk.internal.reflect.DelegatingMethodAccessorImpl.invoke(DelegatingMethodAccessorImpl.java:43)
	at java.base/java.lang.reflect.Method.invoke(Method.java:566)
	at org.testng.internal.invokers.MethodInvocationHelper.invokeMethod(MethodInvocationHelper.java:139)
	at org.testng.internal.invokers.TestInvoker.invokeMethod(TestInvoker.java:664)
	at org.testng.internal.invokers.TestInvoker.invokeTestMethod(TestInvoker.java:227)
	at org.testng.internal.invokers.MethodRunner.runInSequence(MethodRunner.java:50)
	at org.testng.internal.invokers.TestInvoker$MethodInvocationAgent.invoke(TestInvoker.java:957)
	at org.testng.internal.invokers.TestInvoker.invokeTestMethods(TestInvoker.java:200)
	at org.testng.internal.invokers.TestMethodWorker.invokeTestMethods(TestMethodWorker.java:148)
	at org.testng.internal.invokers.TestMethodWorker.run(TestMethodWorker.java:128)
	at java.base/java.util.ArrayList.forEach(ArrayList.java:1540)
	at org.testng.TestRunner.privateRun(TestRunner.java:848)
	at org.testng.TestRunner.run(TestRunner.java:621)
	at org.testng.SuiteRunner.runTest(SuiteRunner.java:443)
	at org.testng.SuiteRunner.runSequentially(SuiteRunner.java:437)
	at org.testng.SuiteRunner.privateRun(SuiteRunner.java:397)
	at org.testng.SuiteRunner.run(SuiteRunner.java:336)
	at org.testng.SuiteRunnerWorker.runSuite(SuiteRunnerWorker.java:52)
	at org.testng.SuiteRunnerWorker.run(SuiteRunnerWorker.java:95)
	at org.testng.TestNG.runSuitesSequentially(TestNG.java:1280)
	at org.testng.TestNG.runSuitesLocally(TestNG.java:1200)
	at org.testng.TestNG.runSuites(TestNG.java:1114)
	at org.testng.TestNG.run(TestNG.java:1082)
	at org.testng.IDEARemoteTestNG.run(IDEARemoteTestNG.java:73)
	at org.testng.RemoteTestNGStarter.main(RemoteTestNGStarter.java:123)
</pre></div></td>
<td>10</td>
<td>Tests.AccountPageTest@932bc4a</td></tr>
</table><p>
<table width='100%' border='1' class='invocation-passed'>
<tr><td colspan='4' align='center'><b>PASSED TESTS</b></td></tr>
<tr><td><b>Test method</b></td>
<td><b>Attribute(s)</b></td>
<td width="30%"><b>Exception</b></td>
<td width="10%"><b>Time (seconds)</b></td>
<td><b>Instance</b></td>
</tr>
<tr>
<td title='Tests.SearchPageTest.testWithInvalidMovieName()'><b>testWithInvalidMovieName</b><br>Test class: Tests.SearchPageTest</td>
<td></td>
<td>2</td>
<td>Tests.SearchPageTest@6bedbc4d</td></tr>
<tr>
<td title='Tests.LoginPageTest.loginWithInvalidInputs()'><b>loginWithInvalidInputs</b><br>Test class: Tests.LoginPageTest</td>
<td></td>
<td>0</td>
<td>Tests.LoginPageTest@2abf4075</td></tr>
<tr>
<td title='Tests.HeaderSectionTest.testWithLogo()'><b>testWithLogo</b><br>Test class: Tests.HeaderSectionTest</td>
<td></td>
<td>0</td>
<td>Tests.HeaderSectionTest@193f604a</td></tr>
<tr>
<td title='Tests.MovieDetailsPageTest.checkMovies()'><b>checkMovies</b><br>Test class: Tests.MovieDetailsPageTest</td>
<td></td>
<td>3</td>
<td>Tests.MovieDetailsPageTest@20f5239f</td></tr>
<tr>
<td title='Tests.HomePageTest.testWithContactUs()'><b>testWithContactUs</b><br>Test class: Tests.HomePageTest</td>
<td></td>
<td>0</td>
<td>Tests.HomePageTest@6d3a388c</td></tr>
<tr>
<td title='Tests.HeaderSectionTest.navigateToHomeAndPopular()'><b>navigateToHomeAndPopular</b><br>Test class: Tests.HeaderSectionTest</td>
<td></td>
<td>1</td>
<td>Tests.HeaderSectionTest@193f604a</td></tr>
<tr>
<td title='Tests.HeaderSectionTest.testWithNavElements()'><b>testWithNavElements</b><br>Test class: Tests.HeaderSectionTest</td>
<td></td>
<td>1</td>
<td>Tests.HeaderSectionTest@193f604a</td></tr>
<tr>
<td title='Tests.PopularPageTest.checkMovies()'><b>checkMovies</b><br>Test class: Tests.PopularPageTest</td>
<td></td>
<td>2</td>
<td>Tests.PopularPageTest@57af006c</td></tr>
<tr>
<td title='Tests.LoginPageTest.loginWithEmptyUsername()'><b>loginWithEmptyUsername</b><br>Test class: Tests.LoginPageTest</td>
<td></td>
<td>0</td>
<td>Tests.LoginPageTest@2abf4075</td></tr>
<tr>
<td title='Tests.SearchPageTest.testValidName()'><b>testValidName</b><br>Test class: Tests.SearchPageTest</td>
<td></td>
<td>2</td>
<td>Tests.SearchPageTest@6bedbc4d</td></tr>
<tr>
<td title='Tests.LoginPageTest.LoginEmptyInputs()'><b>LoginEmptyInputs</b><br>Test class: Tests.LoginPageTest</td>
<td></td>
<td>1</td>
<td>Tests.LoginPageTest@2abf4075</td></tr>
<tr>
<td title='Tests.MovieDetailsPageTest.homeMoviesTestUIElements()'><b>homeMoviesTestUIElements</b><br>Test class: Tests.MovieDetailsPageTest</td>
<td></td>
<td>2</td>
<td>Tests.MovieDetailsPageTest@20f5239f</td></tr>
<tr>
<td title='Tests.HomePageTest.testMoviesDisplay()'><b>testMoviesDisplay</b><br>Test class: Tests.HomePageTest</td>
<td></td>
<td>0</td>
<td>Tests.HomePageTest@6d3a388c</td></tr>
<tr>
<td title='Tests.HomePageTest.testWithPlayBtn()'><b>testWithPlayBtn</b><br>Test class: Tests.HomePageTest</td>
<td></td>
<td>1</td>
<td>Tests.HomePageTest@6d3a388c</td></tr>
<tr>
<td title='Tests.HeaderSectionTest.testAccountPage()'><b>testAccountPage</b><br>Test class: Tests.HeaderSectionTest</td>
<td></td>
<td>1</td>
<td>Tests.HeaderSectionTest@193f604a</td></tr>
<tr>
<td title='Tests.LoginPageTest.testWithLoginUI()'><b>testWithLoginUI</b><br>Test class: Tests.LoginPageTest</td>
<td></td>
<td>0</td>
<td>Tests.LoginPageTest@2abf4075</td></tr>
<tr>
<td title='Tests.LoginPageTest.loginWithEmptyPassword()'><b>loginWithEmptyPassword</b><br>Test class: Tests.LoginPageTest</td>
<td></td>
<td>0</td>
<td>Tests.LoginPageTest@2abf4075</td></tr>
<tr>
<td title='Tests.LoginPageTest.loginWithValidInputs()'><b>loginWithValidInputs</b><br>Test class: Tests.LoginPageTest</td>
<td></td>
<td>0</td>
<td>Tests.LoginPageTest@2abf4075</td></tr>
</table><p>
</body>
</html>