<?xml version="1.0" encoding="UTF-8"?>
<!-- Generated by org.testng.reporters.JUnitXMLReporter -->
<testsuite ignored="0" hostname="DESKTOP-06CF5O3" failures="2" tests="20" name="test" time="86.803" errors="0" timestamp="2024-08-13T14:53:08 IST">
  <testcase classname="Tests.LoginPageTest" name="testWithLoginUI" time="0.276"/>
  <testcase classname="Tests.LoginPageTest" name="LoginEmptyInputs" time="1.392"/>
  <testcase classname="Tests.LoginPageTest" name="loginWithEmptyUsername" time="0.806"/>
  <testcase classname="Tests.LoginPageTest" name="loginWithEmptyPassword" time="0.806"/>
  <testcase classname="Tests.LoginPageTest" name="loginWithInvalidInputs" time="0.977"/>
  <testcase classname="Tests.LoginPageTest" name="loginWithValidInputs" time="0.788"/>
  <testcase classname="Tests.HomePageTest" name="testWithHeadings" time="1.022">
    <failure type="java.lang.AssertionError" message="expected [2] but found [3]">
      <![CDATA[java.lang.AssertionError: expected [2] but found [3]
at Tests.HomePageTest.testWithHeadings(HomePageTest.java:56)
at java.base/java.util.ArrayList.forEach(ArrayList.java:1540)
... Removed 33 stack frames]]>
    </failure>
  </testcase> <!-- testWithHeadings -->
  <testcase classname="Tests.HomePageTest" name="testWithPlayBtn" time="1.607"/>
  <testcase classname="Tests.HomePageTest" name="testMoviesDisplay" time="0.943"/>
  <testcase classname="Tests.HomePageTest" name="testWithContactUs" time="0.908"/>
  <testcase classname="Tests.HeaderSectionTest" name="testWithLogo" time="0.96"/>
  <testcase classname="Tests.HeaderSectionTest" name="testWithNavElements" time="1.017"/>
  <testcase classname="Tests.HeaderSectionTest" name="navigateToHomeAndPopular" time="1.052"/>
  <testcase classname="Tests.HeaderSectionTest" name="testAccountPage" time="1.131"/>
  <testcase classname="Tests.MovieDetailsPageTest" name="homeMoviesTestUIElements" time="2.347"/>
  <testcase classname="Tests.MovieDetailsPageTest" name="checkMovies" time="3.295"/>
  <testcase classname="Tests.PopularPageTest" name="checkMovies" time="2.803"/>
  <testcase classname="Tests.SearchPageTest" name="testValidName" time="2.333"/>
  <testcase classname="Tests.SearchPageTest" name="testWithInvalidMovieName" time="2.181"/>
  <testcase classname="Tests.AccountPageTest" name="testWithLogo" time="10.613">
    <failure type="org.openqa.selenium.TimeoutException" message="Expected condition failed: waiting for visibility of element located by By.className: website-logo (tried for 10 second(s) with 500 milliseconds interval)
Build info: version: &amp;apos;4.9.1&amp;apos;, revision: &amp;apos;eb2032df7f&amp;apos;
System info: os.name: &amp;apos;Windows 10&amp;apos;, os.arch: &amp;apos;amd64&amp;apos;, os.version: &amp;apos;10.0&amp;apos;, java.version: &amp;apos;11.0.2&amp;apos;
Driver info: org.openqa.selenium.chrome.ChromeDriver
Capabilities {acceptInsecureCerts: false, browserName: chrome, browserVersion: 127.0.6533.100, chrome: {chromedriverVersion: 126.0.6478.126 (d36ace6122e..., userDataDir: C:\Users\PCA924~1\AppData\L...}, fedcm:accounts: true, goog:chromeOptions: {debuggerAddress: localhost:55357}, networkConnectionEnabled: false, pageLoadStrategy: normal, platformName: windows, proxy: Proxy(), se:cdp: ws://localhost:55357/devtoo..., se:cdpVersion: 127.0.6533.100, setWindowRect: true, strictFileInteractability: false, timeouts: {implicit: 0, pageLoad: 300000, script: 30000}, unhandledPromptBehavior: dismiss and notify, webauthn:extension:credBlob: true, webauthn:extension:largeBlob: true, webauthn:extension:minPinLength: true, webauthn:extension:prf: true, webauthn:virtualAuthenticators: true}
Session ID: 3c37afe46ac7535ffbeee738b2146eca">
      <![CDATA[org.openqa.selenium.TimeoutException: Expected condition failed: waiting for visibility of element located by By.className: website-logo (tried for 10 second(s) with 500 milliseconds interval)
Build info: version: '4.9.1', revision: 'eb2032df7f'
System info: os.name: 'Windows 10', os.arch: 'amd64', os.version: '10.0', java.version: '11.0.2'
Driver info: org.openqa.selenium.chrome.ChromeDriver
Capabilities {acceptInsecureCerts: false, browserName: chrome, browserVersion: 127.0.6533.100, chrome: {chromedriverVersion: 126.0.6478.126 (d36ace6122e..., userDataDir: C:\Users\PCA924~1\AppData\L...}, fedcm:accounts: true, goog:chromeOptions: {debuggerAddress: localhost:55357}, networkConnectionEnabled: false, pageLoadStrategy: normal, platformName: windows, proxy: Proxy(), se:cdp: ws://localhost:55357/devtoo..., se:cdpVersion: 127.0.6533.100, setWindowRect: true, strictFileInteractability: false, timeouts: {implicit: 0, pageLoad: 300000, script: 30000}, unhandledPromptBehavior: dismiss and notify, webauthn:extension:credBlob: true, webauthn:extension:largeBlob: true, webauthn:extension:minPinLength: true, webauthn:extension:prf: true, webauthn:virtualAuthenticators: true}
Session ID: 3c37afe46ac7535ffbeee738b2146eca
at org.openqa.selenium.support.ui.WebDriverWait.timeoutException(WebDriverWait.java:87)
at org.openqa.selenium.support.ui.FluentWait.until(FluentWait.java:231)
at Tests.AccountPageTest.testWithLogo(AccountPageTest.java:40)
at java.base/java.util.ArrayList.forEach(ArrayList.java:1540)
... Removed 26 stack frames]]>
    </failure>
  </testcase> <!-- testWithLogo -->
</testsuite> <!-- test -->
