<!DOCTYPE html PUBLIC "-//W3C//DTD XHTML 1.1//EN" "https://www.w3.org/TR/xhtml11/DTD/xhtml11.dtd">
<html xmlns="https://www.w3.org/1999/xhtml">
<head>
<meta http-equiv="content-type" content="text/html; charset=UTF-8"/>
<title>TestNG Report</title>
<style type="text/css">table {margin-bottom:10px;border-collapse:collapse;empty-cells:show}th,td {border:1px solid #009;padding:.25em .5em}th {vertical-align:bottom}td {vertical-align:top}table a {font-weight:bold}.stripe td {background-color: #E6EBF9}.num {text-align:right}.passedodd td {background-color: #3F3}.passedeven td {background-color: #0A0}.skippedodd td {background-color: #DDD}.skippedeven td {background-color: #CCC}.failedodd td,.attn {background-color: #F33}.failedeven td,.stripe .attn {background-color: #D00}.stacktrace {white-space:pre;font-family:monospace}.totop {font-size:85%;text-align:center;border-bottom:2px solid #000}.invisible {display:none}</style>
</head>
<body>
<table>
<tr><th>Test</th><th># Passed</th><th># Skipped</th><th># Retried</th><th># Failed</th><th>Time (ms)</th><th>Included Groups</th><th>Excluded Groups</th></tr>
<tr><th colspan="8">MovieAppTest</th></tr>
<tr><td><a href="#t0">test</a></td><td class="num">18</td><td class="num">0</td><td class="num">0</td><td class="num attn">2</td><td class="num">86,803</td><td></td><td></td></tr>
</table>
<table id='summary'><thead><tr><th>Class</th><th>Method</th><th>Start</th><th>Time (ms)</th></tr></thead><tbody><tr><th colspan="4">MovieAppTest</th></tr></tbody><tbody id="t0"><tr><th colspan="4">test &#8212; failed</th></tr><tr class="failedeven"><td rowspan="1">Tests.AccountPageTest</td><td><a href="#m0">testWithLogo</a></td><td rowspan="1">1723540977304</td><td rowspan="1">10613</td></tr><tr class="failedodd"><td rowspan="1">Tests.HomePageTest</td><td><a href="#m1">testWithHeadings</a></td><td rowspan="1">1723540925400</td><td rowspan="1">1022</td></tr><tr><th colspan="4">test &#8212; passed</th></tr><tr class="passedeven"><td rowspan="4">Tests.HeaderSectionTest</td><td><a href="#m2">navigateToHomeAndPopular</a></td><td rowspan="1">1723540945168</td><td rowspan="1">1052</td></tr><tr class="passedeven"><td><a href="#m3">testAccountPage</a></td><td rowspan="1">1723540948592</td><td rowspan="1">1131</td></tr><tr class="passedeven"><td><a href="#m4">testWithLogo</a></td><td rowspan="1">1723540938762</td><td rowspan="1">960</td></tr><tr class="passedeven"><td><a href="#m5">testWithNavElements</a></td><td rowspan="1">1723540941864</td><td rowspan="1">1017</td></tr><tr class="passedodd"><td rowspan="3">Tests.HomePageTest</td><td><a href="#m6">testMoviesDisplay</a></td><td rowspan="1">1723540932687</td><td rowspan="1">943</td></tr><tr class="passedodd"><td><a href="#m7">testWithContactUs</a></td><td rowspan="1">1723540935673</td><td rowspan="1">908</td></tr><tr class="passedodd"><td><a href="#m8">testWithPlayBtn</a></td><td rowspan="1">1723540928969</td><td rowspan="1">1607</td></tr><tr class="passedeven"><td rowspan="6">Tests.LoginPageTest</td><td><a href="#m9">LoginEmptyInputs</a></td><td rowspan="1">1723540909494</td><td rowspan="1">1392</td></tr><tr class="passedeven"><td><a href="#m10">loginWithEmptyPassword</a></td><td rowspan="1">1723540916164</td><td rowspan="1">806</td></tr><tr class="passedeven"><td><a href="#m11">loginWithEmptyUsername</a></td><td rowspan="1">1723540913227</td><td rowspan="1">806</td></tr><tr class="passedeven"><td><a href="#m12">loginWithInvalidInputs</a></td><td rowspan="1">1723540919168</td><td rowspan="1">977</td></tr><tr class="passedeven"><td><a href="#m13">loginWithValidInputs</a></td><td rowspan="1">1723540922561</td><td rowspan="1">788</td></tr><tr class="passedeven"><td><a href="#m14">testWithLoginUI</a></td><td rowspan="1">1723540905057</td><td rowspan="1">276</td></tr><tr class="passedodd"><td rowspan="2">Tests.MovieDetailsPageTest</td><td><a href="#m15">checkMovies</a></td><td rowspan="1">1723540956724</td><td rowspan="1">3295</td></tr><tr class="passedodd"><td><a href="#m16">homeMoviesTestUIElements</a></td><td rowspan="1">1723540951962</td><td rowspan="1">2347</td></tr><tr class="passedeven"><td rowspan="1">Tests.PopularPageTest</td><td><a href="#m17">checkMovies</a></td><td rowspan="1">1723540962366</td><td rowspan="1">2803</td></tr><tr class="passedodd"><td rowspan="2">Tests.SearchPageTest</td><td><a href="#m18">testValidName</a></td><td rowspan="1">1723540968155</td><td rowspan="1">2333</td></tr><tr class="passedodd"><td><a href="#m19">testWithInvalidMovieName</a></td><td rowspan="1">1723540972861</td><td rowspan="1">2181</td></tr></tbody>
</table>
<h2>test</h2><h3 id="m0">Tests.AccountPageTest#testWithLogo</h3><table class="result"><tr><th>Exception</th></tr><tr><td><div class="stacktrace">org.openqa.selenium.TimeoutException: Expected condition failed: waiting for visibility of element located by By.className: website-logo (tried for 10 second(s) with 500 milliseconds interval)
Build info: version: &apos;4.9.1&apos;, revision: &apos;eb2032df7f&apos;
System info: os.name: &apos;Windows 10&apos;, os.arch: &apos;amd64&apos;, os.version: &apos;10.0&apos;, java.version: &apos;11.0.2&apos;
Driver info: org.openqa.selenium.chrome.ChromeDriver
Capabilities {acceptInsecureCerts: false, browserName: chrome, browserVersion: 127.0.6533.100, chrome: {chromedriverVersion: 126.0.6478.126 (d36ace6122e..., userDataDir: C:\Users\PCA924~1\AppData\L...}, fedcm:accounts: true, goog:chromeOptions: {debuggerAddress: localhost:55357}, networkConnectionEnabled: false, pageLoadStrategy: normal, platformName: windows, proxy: Proxy(), se:cdp: ws://localhost:55357/devtoo..., se:cdpVersion: 127.0.6533.100, setWindowRect: true, strictFileInteractability: false, timeouts: {implicit: 0, pageLoad: 300000, script: 30000}, unhandledPromptBehavior: dismiss and notify, webauthn:extension:credBlob: true, webauthn:extension:largeBlob: true, webauthn:extension:minPinLength: true, webauthn:extension:prf: true, webauthn:virtualAuthenticators: true}
Session ID: 3c37afe46ac7535ffbeee738b2146eca
	at org.openqa.selenium.support.ui.WebDriverWait.timeoutException(WebDriverWait.java:87)
	at org.openqa.selenium.support.ui.FluentWait.until(FluentWait.java:231)
	at Tests.AccountPageTest.testWithLogo(AccountPageTest.java:40)
	at java.base/java.util.ArrayList.forEach(ArrayList.java:1540)
... Removed 26 stack frames</div></td></tr></table><p class="totop"><a href="#summary">back to summary</a></p>
<h3 id="m1">Tests.HomePageTest#testWithHeadings</h3><table class="result"><tr><th>Exception</th></tr><tr><td><div class="stacktrace">java.lang.AssertionError: expected [2] but found [3]
	at Tests.HomePageTest.testWithHeadings(HomePageTest.java:56)
	at java.base/java.util.ArrayList.forEach(ArrayList.java:1540)
... Removed 33 stack frames</div></td></tr></table><p class="totop"><a href="#summary">back to summary</a></p>
<h3 id="m2">Tests.HeaderSectionTest#navigateToHomeAndPopular</h3><table class="result"><tr><th class="invisible"/></tr></table><p class="totop"><a href="#summary">back to summary</a></p>
<h3 id="m3">Tests.HeaderSectionTest#testAccountPage</h3><table class="result"><tr><th class="invisible"/></tr></table><p class="totop"><a href="#summary">back to summary</a></p>
<h3 id="m4">Tests.HeaderSectionTest#testWithLogo</h3><table class="result"><tr><th class="invisible"/></tr></table><p class="totop"><a href="#summary">back to summary</a></p>
<h3 id="m5">Tests.HeaderSectionTest#testWithNavElements</h3><table class="result"><tr><th class="invisible"/></tr></table><p class="totop"><a href="#summary">back to summary</a></p>
<h3 id="m6">Tests.HomePageTest#testMoviesDisplay</h3><table class="result"><tr><th class="invisible"/></tr></table><p class="totop"><a href="#summary">back to summary</a></p>
<h3 id="m7">Tests.HomePageTest#testWithContactUs</h3><table class="result"><tr><th class="invisible"/></tr></table><p class="totop"><a href="#summary">back to summary</a></p>
<h3 id="m8">Tests.HomePageTest#testWithPlayBtn</h3><table class="result"><tr><th class="invisible"/></tr></table><p class="totop"><a href="#summary">back to summary</a></p>
<h3 id="m9">Tests.LoginPageTest#LoginEmptyInputs</h3><table class="result"><tr><th class="invisible"/></tr></table><p class="totop"><a href="#summary">back to summary</a></p>
<h3 id="m10">Tests.LoginPageTest#loginWithEmptyPassword</h3><table class="result"><tr><th class="invisible"/></tr></table><p class="totop"><a href="#summary">back to summary</a></p>
<h3 id="m11">Tests.LoginPageTest#loginWithEmptyUsername</h3><table class="result"><tr><th class="invisible"/></tr></table><p class="totop"><a href="#summary">back to summary</a></p>
<h3 id="m12">Tests.LoginPageTest#loginWithInvalidInputs</h3><table class="result"><tr><th class="invisible"/></tr></table><p class="totop"><a href="#summary">back to summary</a></p>
<h3 id="m13">Tests.LoginPageTest#loginWithValidInputs</h3><table class="result"><tr><th class="invisible"/></tr></table><p class="totop"><a href="#summary">back to summary</a></p>
<h3 id="m14">Tests.LoginPageTest#testWithLoginUI</h3><table class="result"><tr><th class="invisible"/></tr></table><p class="totop"><a href="#summary">back to summary</a></p>
<h3 id="m15">Tests.MovieDetailsPageTest#checkMovies</h3><table class="result"><tr><th class="invisible"/></tr></table><p class="totop"><a href="#summary">back to summary</a></p>
<h3 id="m16">Tests.MovieDetailsPageTest#homeMoviesTestUIElements</h3><table class="result"><tr><th class="invisible"/></tr></table><p class="totop"><a href="#summary">back to summary</a></p>
<h3 id="m17">Tests.PopularPageTest#checkMovies</h3><table class="result"><tr><th class="invisible"/></tr></table><p class="totop"><a href="#summary">back to summary</a></p>
<h3 id="m18">Tests.SearchPageTest#testValidName</h3><table class="result"><tr><th class="invisible"/></tr></table><p class="totop"><a href="#summary">back to summary</a></p>
<h3 id="m19">Tests.SearchPageTest#testWithInvalidMovieName</h3><table class="result"><tr><th class="invisible"/></tr></table><p class="totop"><a href="#summary">back to summary</a></p>
</body>
</html>
