<?xml version="1.0" encoding="UTF-8"?>
<testng-results ignored="0" total="20" passed="18" failed="2" skipped="0">
  <reporter-output>
  </reporter-output>
  <suite started-at="2024-08-13T14:51:41 IST" name="MovieAppTest" finished-at="2024-08-13T14:53:08 IST" duration-ms="86803">
    <groups>
    </groups>
    <test started-at="2024-08-13T14:51:41 IST" name="test" finished-at="2024-08-13T14:53:08 IST" duration-ms="86803">
      <class name="Tests.MovieDetailsPageTest">
        <test-method is-config="true" signature="setup()[pri:0, instance:Tests.MovieDetailsPageTest@20f5239f]" started-at="2024-08-13T14:52:29 IST" name="setup" finished-at="2024-08-13T14:52:31 IST" duration-ms="2145" status="PASS">
          <reporter-output>
          </reporter-output>
        </test-method> <!-- setup -->
        <test-method signature="homeMoviesTestUIElements()[pri:1, instance:Tests.MovieDetailsPageTest@20f5239f]" started-at="2024-08-13T14:52:31 IST" name="homeMoviesTestUIElements" finished-at="2024-08-13T14:52:34 IST" duration-ms="2347" status="PASS">
          <reporter-output>
          </reporter-output>
        </test-method> <!-- homeMoviesTestUIElements -->
        <test-method is-config="true" signature="tearDown()[pri:0, instance:Tests.MovieDetailsPageTest@20f5239f]" started-at="2024-08-13T14:52:34 IST" name="tearDown" finished-at="2024-08-13T14:52:34 IST" duration-ms="73" status="PASS">
          <reporter-output>
          </reporter-output>
        </test-method> <!-- tearDown -->
        <test-method is-config="true" signature="setup()[pri:0, instance:Tests.MovieDetailsPageTest@20f5239f]" started-at="2024-08-13T14:52:34 IST" name="setup" finished-at="2024-08-13T14:52:36 IST" duration-ms="2337" status="PASS">
          <reporter-output>
          </reporter-output>
        </test-method> <!-- setup -->
        <test-method signature="checkMovies()[pri:2, instance:Tests.MovieDetailsPageTest@20f5239f]" started-at="2024-08-13T14:52:36 IST" name="checkMovies" finished-at="2024-08-13T14:52:40 IST" duration-ms="3295" status="PASS">
          <reporter-output>
          </reporter-output>
        </test-method> <!-- checkMovies -->
        <test-method is-config="true" signature="tearDown()[pri:0, instance:Tests.MovieDetailsPageTest@20f5239f]" started-at="2024-08-13T14:52:40 IST" name="tearDown" finished-at="2024-08-13T14:52:40 IST" duration-ms="126" status="PASS">
          <reporter-output>
          </reporter-output>
        </test-method> <!-- tearDown -->
      </class> <!-- Tests.MovieDetailsPageTest -->
      <class name="Tests.PopularPageTest">
        <test-method is-config="true" signature="setup()[pri:0, instance:Tests.PopularPageTest@57af006c]" started-at="2024-08-13T14:52:40 IST" name="setup" finished-at="2024-08-13T14:52:42 IST" duration-ms="2221" status="PASS">
          <reporter-output>
          </reporter-output>
        </test-method> <!-- setup -->
        <test-method signature="checkMovies()[pri:1, instance:Tests.PopularPageTest@57af006c]" started-at="2024-08-13T14:52:42 IST" name="checkMovies" finished-at="2024-08-13T14:52:45 IST" duration-ms="2803" status="PASS">
          <reporter-output>
          </reporter-output>
        </test-method> <!-- checkMovies -->
        <test-method is-config="true" signature="tearDown()[pri:0, instance:Tests.PopularPageTest@57af006c]" started-at="2024-08-13T14:52:45 IST" name="tearDown" finished-at="2024-08-13T14:52:45 IST" duration-ms="114" status="PASS">
          <reporter-output>
          </reporter-output>
        </test-method> <!-- tearDown -->
      </class> <!-- Tests.PopularPageTest -->
      <class name="Tests.HomePageTest">
        <test-method is-config="true" signature="setup()[pri:0, instance:Tests.HomePageTest@6d3a388c]" started-at="2024-08-13T14:52:03 IST" name="setup" finished-at="2024-08-13T14:52:05 IST" duration-ms="1961" status="PASS">
          <reporter-output>
          </reporter-output>
        </test-method> <!-- setup -->
        <test-method signature="testWithHeadings()[pri:1, instance:Tests.HomePageTest@6d3a388c]" started-at="2024-08-13T14:52:05 IST" name="testWithHeadings" finished-at="2024-08-13T14:52:06 IST" duration-ms="1022" status="FAIL">
          <exception class="java.lang.AssertionError">
            <message>
              <![CDATA[expected [2] but found [3]]]>
            </message>
            <full-stacktrace>
              <![CDATA[java.lang.AssertionError: expected [2] but found [3]
at org.testng.Assert.fail(Assert.java:111)
at org.testng.Assert.failNotEquals(Assert.java:1578)
at org.testng.Assert.assertEqualsImpl(Assert.java:150)
at org.testng.Assert.assertEquals(Assert.java:132)
at org.testng.Assert.assertEquals(Assert.java:1419)
at org.testng.Assert.assertEquals(Assert.java:1383)
at org.testng.Assert.assertEquals(Assert.java:1429)
at Tests.HomePageTest.testWithHeadings(HomePageTest.java:56)
at java.base/jdk.internal.reflect.NativeMethodAccessorImpl.invoke0(Native Method)
at java.base/jdk.internal.reflect.NativeMethodAccessorImpl.invoke(NativeMethodAccessorImpl.java:62)
at java.base/jdk.internal.reflect.DelegatingMethodAccessorImpl.invoke(DelegatingMethodAccessorImpl.java:43)
at java.base/java.lang.reflect.Method.invoke(Method.java:566)
at org.testng.internal.invokers.MethodInvocationHelper.invokeMethod(MethodInvocationHelper.java:139)
at org.testng.internal.invokers.TestInvoker.invokeMethod(TestInvoker.java:664)
at org.testng.internal.invokers.TestInvoker.invokeTestMethod(TestInvoker.java:227)
at org.testng.internal.invokers.MethodRunner.runInSequence(MethodRunner.java:50)
at org.testng.internal.invokers.TestInvoker$MethodInvocationAgent.invoke(TestInvoker.java:957)
at org.testng.internal.invokers.TestInvoker.invokeTestMethods(TestInvoker.java:200)
at org.testng.internal.invokers.TestMethodWorker.invokeTestMethods(TestMethodWorker.java:148)
at org.testng.internal.invokers.TestMethodWorker.run(TestMethodWorker.java:128)
at java.base/java.util.ArrayList.forEach(ArrayList.java:1540)
at org.testng.TestRunner.privateRun(TestRunner.java:848)
at org.testng.TestRunner.run(TestRunner.java:621)
at org.testng.SuiteRunner.runTest(SuiteRunner.java:443)
at org.testng.SuiteRunner.runSequentially(SuiteRunner.java:437)
at org.testng.SuiteRunner.privateRun(SuiteRunner.java:397)
at org.testng.SuiteRunner.run(SuiteRunner.java:336)
at org.testng.SuiteRunnerWorker.runSuite(SuiteRunnerWorker.java:52)
at org.testng.SuiteRunnerWorker.run(SuiteRunnerWorker.java:95)
at org.testng.TestNG.runSuitesSequentially(TestNG.java:1280)
at org.testng.TestNG.runSuitesLocally(TestNG.java:1200)
at org.testng.TestNG.runSuites(TestNG.java:1114)
at org.testng.TestNG.run(TestNG.java:1082)
at org.testng.IDEARemoteTestNG.run(IDEARemoteTestNG.java:73)
at org.testng.RemoteTestNGStarter.main(RemoteTestNGStarter.java:123)
]]>
            </full-stacktrace>
          </exception> <!-- java.lang.AssertionError -->
          <reporter-output>
          </reporter-output>
        </test-method> <!-- testWithHeadings -->
        <test-method is-config="true" signature="tearDown()[pri:0, instance:Tests.HomePageTest@6d3a388c]" started-at="2024-08-13T14:52:06 IST" name="tearDown" finished-at="2024-08-13T14:52:06 IST" duration-ms="175" status="PASS">
          <reporter-output>
          </reporter-output>
        </test-method> <!-- tearDown -->
        <test-method is-config="true" signature="setup()[pri:0, instance:Tests.HomePageTest@6d3a388c]" started-at="2024-08-13T14:52:06 IST" name="setup" finished-at="2024-08-13T14:52:08 IST" duration-ms="2080" status="PASS">
          <reporter-output>
          </reporter-output>
        </test-method> <!-- setup -->
        <test-method signature="testWithPlayBtn()[pri:2, instance:Tests.HomePageTest@6d3a388c]" started-at="2024-08-13T14:52:08 IST" name="testWithPlayBtn" finished-at="2024-08-13T14:52:10 IST" duration-ms="1607" status="PASS">
          <reporter-output>
          </reporter-output>
        </test-method> <!-- testWithPlayBtn -->
        <test-method is-config="true" signature="tearDown()[pri:0, instance:Tests.HomePageTest@6d3a388c]" started-at="2024-08-13T14:52:10 IST" name="tearDown" finished-at="2024-08-13T14:52:10 IST" duration-ms="132" status="PASS">
          <reporter-output>
          </reporter-output>
        </test-method> <!-- tearDown -->
        <test-method is-config="true" signature="setup()[pri:0, instance:Tests.HomePageTest@6d3a388c]" started-at="2024-08-13T14:52:10 IST" name="setup" finished-at="2024-08-13T14:52:12 IST" duration-ms="1976" status="PASS">
          <reporter-output>
          </reporter-output>
        </test-method> <!-- setup -->
        <test-method signature="testMoviesDisplay()[pri:3, instance:Tests.HomePageTest@6d3a388c]" started-at="2024-08-13T14:52:12 IST" name="testMoviesDisplay" finished-at="2024-08-13T14:52:13 IST" duration-ms="943" status="PASS">
          <reporter-output>
          </reporter-output>
        </test-method> <!-- testMoviesDisplay -->
        <test-method is-config="true" signature="tearDown()[pri:0, instance:Tests.HomePageTest@6d3a388c]" started-at="2024-08-13T14:52:13 IST" name="tearDown" finished-at="2024-08-13T14:52:13 IST" duration-ms="100" status="PASS">
          <reporter-output>
          </reporter-output>
        </test-method> <!-- tearDown -->
        <test-method is-config="true" signature="setup()[pri:0, instance:Tests.HomePageTest@6d3a388c]" started-at="2024-08-13T14:52:13 IST" name="setup" finished-at="2024-08-13T14:52:15 IST" duration-ms="1942" status="PASS">
          <reporter-output>
          </reporter-output>
        </test-method> <!-- setup -->
        <test-method signature="testWithContactUs()[pri:4, instance:Tests.HomePageTest@6d3a388c]" started-at="2024-08-13T14:52:15 IST" name="testWithContactUs" finished-at="2024-08-13T14:52:16 IST" duration-ms="908" status="PASS">
          <reporter-output>
          </reporter-output>
        </test-method> <!-- testWithContactUs -->
        <test-method is-config="true" signature="tearDown()[pri:0, instance:Tests.HomePageTest@6d3a388c]" started-at="2024-08-13T14:52:16 IST" name="tearDown" finished-at="2024-08-13T14:52:16 IST" duration-ms="144" status="PASS">
          <reporter-output>
          </reporter-output>
        </test-method> <!-- tearDown -->
      </class> <!-- Tests.HomePageTest -->
      <class name="Tests.SearchPageTest">
        <test-method is-config="true" signature="setup()[pri:0, instance:Tests.SearchPageTest@6bedbc4d]" started-at="2024-08-13T14:52:45 IST" name="setup" finished-at="2024-08-13T14:52:48 IST" duration-ms="2871" status="PASS">
          <reporter-output>
          </reporter-output>
        </test-method> <!-- setup -->
        <test-method signature="testValidName()[pri:1, instance:Tests.SearchPageTest@6bedbc4d]" started-at="2024-08-13T14:52:48 IST" name="testValidName" finished-at="2024-08-13T14:52:50 IST" duration-ms="2333" status="PASS">
          <reporter-output>
          </reporter-output>
        </test-method> <!-- testValidName -->
        <test-method is-config="true" signature="tearDown()[pri:0, instance:Tests.SearchPageTest@6bedbc4d]" started-at="2024-08-13T14:52:50 IST" name="tearDown" finished-at="2024-08-13T14:52:50 IST" duration-ms="125" status="PASS">
          <reporter-output>
          </reporter-output>
        </test-method> <!-- tearDown -->
        <test-method is-config="true" signature="setup()[pri:0, instance:Tests.SearchPageTest@6bedbc4d]" started-at="2024-08-13T14:52:50 IST" name="setup" finished-at="2024-08-13T14:52:52 IST" duration-ms="2245" status="PASS">
          <reporter-output>
          </reporter-output>
        </test-method> <!-- setup -->
        <test-method signature="testWithInvalidMovieName()[pri:2, instance:Tests.SearchPageTest@6bedbc4d]" started-at="2024-08-13T14:52:52 IST" name="testWithInvalidMovieName" finished-at="2024-08-13T14:52:55 IST" duration-ms="2181" status="PASS">
          <reporter-output>
          </reporter-output>
        </test-method> <!-- testWithInvalidMovieName -->
        <test-method is-config="true" signature="tearDown()[pri:0, instance:Tests.SearchPageTest@6bedbc4d]" started-at="2024-08-13T14:52:55 IST" name="tearDown" finished-at="2024-08-13T14:52:55 IST" duration-ms="130" status="PASS">
          <reporter-output>
          </reporter-output>
        </test-method> <!-- tearDown -->
      </class> <!-- Tests.SearchPageTest -->
      <class name="Tests.LoginPageTest">
        <test-method is-config="true" signature="setup()[pri:0, instance:Tests.LoginPageTest@2abf4075]" started-at="2024-08-13T14:51:41 IST" name="setup" finished-at="2024-08-13T14:51:45 IST" duration-ms="3725" status="PASS">
          <reporter-output>
          </reporter-output>
        </test-method> <!-- setup -->
        <test-method signature="testWithLoginUI()[pri:1, instance:Tests.LoginPageTest@2abf4075]" started-at="2024-08-13T14:51:45 IST" name="testWithLoginUI" finished-at="2024-08-13T14:51:45 IST" duration-ms="276" status="PASS">
          <reporter-output>
          </reporter-output>
        </test-method> <!-- testWithLoginUI -->
        <test-method is-config="true" signature="tearDown()[pri:0, instance:Tests.LoginPageTest@2abf4075]" started-at="2024-08-13T14:51:45 IST" name="tearDown" finished-at="2024-08-13T14:51:45 IST" duration-ms="167" status="PASS">
          <reporter-output>
          </reporter-output>
        </test-method> <!-- tearDown -->
        <test-method is-config="true" signature="setup()[pri:0, instance:Tests.LoginPageTest@2abf4075]" started-at="2024-08-13T14:51:45 IST" name="setup" finished-at="2024-08-13T14:51:49 IST" duration-ms="3978" status="PASS">
          <reporter-output>
          </reporter-output>
        </test-method> <!-- setup -->
        <test-method signature="LoginEmptyInputs()[pri:2, instance:Tests.LoginPageTest@2abf4075]" started-at="2024-08-13T14:51:49 IST" name="LoginEmptyInputs" finished-at="2024-08-13T14:51:50 IST" duration-ms="1392" status="PASS">
          <reporter-output>
          </reporter-output>
        </test-method> <!-- LoginEmptyInputs -->
        <test-method is-config="true" signature="tearDown()[pri:0, instance:Tests.LoginPageTest@2abf4075]" started-at="2024-08-13T14:51:50 IST" name="tearDown" finished-at="2024-08-13T14:51:50 IST" duration-ms="112" status="PASS">
          <reporter-output>
          </reporter-output>
        </test-method> <!-- tearDown -->
        <test-method is-config="true" signature="setup()[pri:0, instance:Tests.LoginPageTest@2abf4075]" started-at="2024-08-13T14:51:51 IST" name="setup" finished-at="2024-08-13T14:51:53 IST" duration-ms="2227" status="PASS">
          <reporter-output>
          </reporter-output>
        </test-method> <!-- setup -->
        <test-method signature="loginWithEmptyUsername()[pri:3, instance:Tests.LoginPageTest@2abf4075]" started-at="2024-08-13T14:51:53 IST" name="loginWithEmptyUsername" finished-at="2024-08-13T14:51:54 IST" duration-ms="806" status="PASS">
          <reporter-output>
          </reporter-output>
        </test-method> <!-- loginWithEmptyUsername -->
        <test-method is-config="true" signature="tearDown()[pri:0, instance:Tests.LoginPageTest@2abf4075]" started-at="2024-08-13T14:51:54 IST" name="tearDown" finished-at="2024-08-13T14:51:54 IST" duration-ms="112" status="PASS">
          <reporter-output>
          </reporter-output>
        </test-method> <!-- tearDown -->
        <test-method is-config="true" signature="setup()[pri:0, instance:Tests.LoginPageTest@2abf4075]" started-at="2024-08-13T14:51:54 IST" name="setup" finished-at="2024-08-13T14:51:56 IST" duration-ms="2017" status="PASS">
          <reporter-output>
          </reporter-output>
        </test-method> <!-- setup -->
        <test-method signature="loginWithEmptyPassword()[pri:4, instance:Tests.LoginPageTest@2abf4075]" started-at="2024-08-13T14:51:56 IST" name="loginWithEmptyPassword" finished-at="2024-08-13T14:51:56 IST" duration-ms="806" status="PASS">
          <reporter-output>
          </reporter-output>
        </test-method> <!-- loginWithEmptyPassword -->
        <test-method is-config="true" signature="tearDown()[pri:0, instance:Tests.LoginPageTest@2abf4075]" started-at="2024-08-13T14:51:56 IST" name="tearDown" finished-at="2024-08-13T14:51:57 IST" duration-ms="106" status="PASS">
          <reporter-output>
          </reporter-output>
        </test-method> <!-- tearDown -->
        <test-method is-config="true" signature="setup()[pri:0, instance:Tests.LoginPageTest@2abf4075]" started-at="2024-08-13T14:51:57 IST" name="setup" finished-at="2024-08-13T14:51:59 IST" duration-ms="2083" status="PASS">
          <reporter-output>
          </reporter-output>
        </test-method> <!-- setup -->
        <test-method signature="loginWithInvalidInputs()[pri:5, instance:Tests.LoginPageTest@2abf4075]" started-at="2024-08-13T14:51:59 IST" name="loginWithInvalidInputs" finished-at="2024-08-13T14:52:00 IST" duration-ms="977" status="PASS">
          <reporter-output>
          </reporter-output>
        </test-method> <!-- loginWithInvalidInputs -->
        <test-method is-config="true" signature="tearDown()[pri:0, instance:Tests.LoginPageTest@2abf4075]" started-at="2024-08-13T14:52:00 IST" name="tearDown" finished-at="2024-08-13T14:52:00 IST" duration-ms="135" status="PASS">
          <reporter-output>
          </reporter-output>
        </test-method> <!-- tearDown -->
        <test-method is-config="true" signature="setup()[pri:0, instance:Tests.LoginPageTest@2abf4075]" started-at="2024-08-13T14:52:00 IST" name="setup" finished-at="2024-08-13T14:52:02 IST" duration-ms="2276" status="PASS">
          <reporter-output>
          </reporter-output>
        </test-method> <!-- setup -->
        <test-method signature="loginWithValidInputs()[pri:6, instance:Tests.LoginPageTest@2abf4075]" started-at="2024-08-13T14:52:02 IST" name="loginWithValidInputs" finished-at="2024-08-13T14:52:03 IST" duration-ms="788" status="PASS">
          <reporter-output>
          </reporter-output>
        </test-method> <!-- loginWithValidInputs -->
        <test-method is-config="true" signature="tearDown()[pri:0, instance:Tests.LoginPageTest@2abf4075]" started-at="2024-08-13T14:52:03 IST" name="tearDown" finished-at="2024-08-13T14:52:03 IST" duration-ms="83" status="PASS">
          <reporter-output>
          </reporter-output>
        </test-method> <!-- tearDown -->
      </class> <!-- Tests.LoginPageTest -->
      <class name="Tests.AccountPageTest">
        <test-method is-config="true" signature="setup()[pri:0, instance:Tests.AccountPageTest@932bc4a]" started-at="2024-08-13T14:52:55 IST" name="setup" finished-at="2024-08-13T14:52:57 IST" duration-ms="2125" status="PASS">
          <reporter-output>
          </reporter-output>
        </test-method> <!-- setup -->
        <test-method signature="testWithLogo()[pri:1, instance:Tests.AccountPageTest@932bc4a]" started-at="2024-08-13T14:52:57 IST" name="testWithLogo" finished-at="2024-08-13T14:53:07 IST" duration-ms="10613" status="FAIL">
          <exception class="org.openqa.selenium.TimeoutException">
            <message>
              <![CDATA[Expected condition failed: waiting for visibility of element located by By.className: website-logo (tried for 10 second(s) with 500 milliseconds interval)
Build info: version: '4.9.1', revision: 'eb2032df7f'
System info: os.name: 'Windows 10', os.arch: 'amd64', os.version: '10.0', java.version: '11.0.2'
Driver info: org.openqa.selenium.chrome.ChromeDriver
Capabilities {acceptInsecureCerts: false, browserName: chrome, browserVersion: 127.0.6533.100, chrome: {chromedriverVersion: 126.0.6478.126 (d36ace6122e..., userDataDir: C:\Users\PCA924~1\AppData\L...}, fedcm:accounts: true, goog:chromeOptions: {debuggerAddress: localhost:55357}, networkConnectionEnabled: false, pageLoadStrategy: normal, platformName: windows, proxy: Proxy(), se:cdp: ws://localhost:55357/devtoo..., se:cdpVersion: 127.0.6533.100, setWindowRect: true, strictFileInteractability: false, timeouts: {implicit: 0, pageLoad: 300000, script: 30000}, unhandledPromptBehavior: dismiss and notify, webauthn:extension:credBlob: true, webauthn:extension:largeBlob: true, webauthn:extension:minPinLength: true, webauthn:extension:prf: true, webauthn:virtualAuthenticators: true}
Session ID: 3c37afe46ac7535ffbeee738b2146eca]]>
            </message>
            <full-stacktrace>
              <![CDATA[org.openqa.selenium.TimeoutException: Expected condition failed: waiting for visibility of element located by By.className: website-logo (tried for 10 second(s) with 500 milliseconds interval)
Build info: version: '4.9.1', revision: 'eb2032df7f'
System info: os.name: 'Windows 10', os.arch: 'amd64', os.version: '10.0', java.version: '11.0.2'
Driver info: org.openqa.selenium.chrome.ChromeDriver
Capabilities {acceptInsecureCerts: false, browserName: chrome, browserVersion: 127.0.6533.100, chrome: {chromedriverVersion: 126.0.6478.126 (d36ace6122e..., userDataDir: C:\Users\PCA924~1\AppData\L...}, fedcm:accounts: true, goog:chromeOptions: {debuggerAddress: localhost:55357}, networkConnectionEnabled: false, pageLoadStrategy: normal, platformName: windows, proxy: Proxy(), se:cdp: ws://localhost:55357/devtoo..., se:cdpVersion: 127.0.6533.100, setWindowRect: true, strictFileInteractability: false, timeouts: {implicit: 0, pageLoad: 300000, script: 30000}, unhandledPromptBehavior: dismiss and notify, webauthn:extension:credBlob: true, webauthn:extension:largeBlob: true, webauthn:extension:minPinLength: true, webauthn:extension:prf: true, webauthn:virtualAuthenticators: true}
Session ID: 3c37afe46ac7535ffbeee738b2146eca
at org.openqa.selenium.support.ui.WebDriverWait.timeoutException(WebDriverWait.java:87)
at org.openqa.selenium.support.ui.FluentWait.until(FluentWait.java:231)
at Tests.AccountPageTest.testWithLogo(AccountPageTest.java:40)
at java.base/jdk.internal.reflect.NativeMethodAccessorImpl.invoke0(Native Method)
at java.base/jdk.internal.reflect.NativeMethodAccessorImpl.invoke(NativeMethodAccessorImpl.java:62)
at java.base/jdk.internal.reflect.DelegatingMethodAccessorImpl.invoke(DelegatingMethodAccessorImpl.java:43)
at java.base/java.lang.reflect.Method.invoke(Method.java:566)
at org.testng.internal.invokers.MethodInvocationHelper.invokeMethod(MethodInvocationHelper.java:139)
at org.testng.internal.invokers.TestInvoker.invokeMethod(TestInvoker.java:664)
at org.testng.internal.invokers.TestInvoker.invokeTestMethod(TestInvoker.java:227)
at org.testng.internal.invokers.MethodRunner.runInSequence(MethodRunner.java:50)
at org.testng.internal.invokers.TestInvoker$MethodInvocationAgent.invoke(TestInvoker.java:957)
at org.testng.internal.invokers.TestInvoker.invokeTestMethods(TestInvoker.java:200)
at org.testng.internal.invokers.TestMethodWorker.invokeTestMethods(TestMethodWorker.java:148)
at org.testng.internal.invokers.TestMethodWorker.run(TestMethodWorker.java:128)
at java.base/java.util.ArrayList.forEach(ArrayList.java:1540)
at org.testng.TestRunner.privateRun(TestRunner.java:848)
at org.testng.TestRunner.run(TestRunner.java:621)
at org.testng.SuiteRunner.runTest(SuiteRunner.java:443)
at org.testng.SuiteRunner.runSequentially(SuiteRunner.java:437)
at org.testng.SuiteRunner.privateRun(SuiteRunner.java:397)
at org.testng.SuiteRunner.run(SuiteRunner.java:336)
at org.testng.SuiteRunnerWorker.runSuite(SuiteRunnerWorker.java:52)
at org.testng.SuiteRunnerWorker.run(SuiteRunnerWorker.java:95)
at org.testng.TestNG.runSuitesSequentially(TestNG.java:1280)
at org.testng.TestNG.runSuitesLocally(TestNG.java:1200)
at org.testng.TestNG.runSuites(TestNG.java:1114)
at org.testng.TestNG.run(TestNG.java:1082)
at org.testng.IDEARemoteTestNG.run(IDEARemoteTestNG.java:73)
at org.testng.RemoteTestNGStarter.main(RemoteTestNGStarter.java:123)
]]>
            </full-stacktrace>
          </exception> <!-- org.openqa.selenium.TimeoutException -->
          <reporter-output>
          </reporter-output>
        </test-method> <!-- testWithLogo -->
      </class> <!-- Tests.AccountPageTest -->
      <class name="Tests.HeaderSectionTest">
        <test-method is-config="true" signature="setup()[pri:0, instance:Tests.HeaderSectionTest@193f604a]" started-at="2024-08-13T14:52:16 IST" name="setup" finished-at="2024-08-13T14:52:18 IST" duration-ms="2032" status="PASS">
          <reporter-output>
          </reporter-output>
        </test-method> <!-- setup -->
        <test-method signature="testWithLogo()[pri:1, instance:Tests.HeaderSectionTest@193f604a]" started-at="2024-08-13T14:52:18 IST" name="testWithLogo" finished-at="2024-08-13T14:52:19 IST" duration-ms="960" status="PASS">
          <reporter-output>
          </reporter-output>
        </test-method> <!-- testWithLogo -->
        <test-method is-config="true" signature="tearDown()[pri:0, instance:Tests.HeaderSectionTest@193f604a]" started-at="2024-08-13T14:52:19 IST" name="tearDown" finished-at="2024-08-13T14:52:19 IST" duration-ms="97" status="PASS">
          <reporter-output>
          </reporter-output>
        </test-method> <!-- tearDown -->
        <test-method is-config="true" signature="setup()[pri:0, instance:Tests.HeaderSectionTest@193f604a]" started-at="2024-08-13T14:52:19 IST" name="setup" finished-at="2024-08-13T14:52:21 IST" duration-ms="2043" status="PASS">
          <reporter-output>
          </reporter-output>
        </test-method> <!-- setup -->
        <test-method signature="testWithNavElements()[pri:2, instance:Tests.HeaderSectionTest@193f604a]" started-at="2024-08-13T14:52:21 IST" name="testWithNavElements" finished-at="2024-08-13T14:52:22 IST" duration-ms="1017" status="PASS">
          <reporter-output>
          </reporter-output>
        </test-method> <!-- testWithNavElements -->
        <test-method is-config="true" signature="tearDown()[pri:0, instance:Tests.HeaderSectionTest@193f604a]" started-at="2024-08-13T14:52:22 IST" name="tearDown" finished-at="2024-08-13T14:52:23 IST" duration-ms="128" status="PASS">
          <reporter-output>
          </reporter-output>
        </test-method> <!-- tearDown -->
        <test-method is-config="true" signature="setup()[pri:0, instance:Tests.HeaderSectionTest@193f604a]" started-at="2024-08-13T14:52:23 IST" name="setup" finished-at="2024-08-13T14:52:25 IST" duration-ms="2150" status="PASS">
          <reporter-output>
          </reporter-output>
        </test-method> <!-- setup -->
        <test-method signature="navigateToHomeAndPopular()[pri:3, instance:Tests.HeaderSectionTest@193f604a]" started-at="2024-08-13T14:52:25 IST" name="navigateToHomeAndPopular" finished-at="2024-08-13T14:52:26 IST" duration-ms="1052" status="PASS">
          <reporter-output>
          </reporter-output>
        </test-method> <!-- navigateToHomeAndPopular -->
        <test-method is-config="true" signature="tearDown()[pri:0, instance:Tests.HeaderSectionTest@193f604a]" started-at="2024-08-13T14:52:26 IST" name="tearDown" finished-at="2024-08-13T14:52:26 IST" duration-ms="100" status="PASS">
          <reporter-output>
          </reporter-output>
        </test-method> <!-- tearDown -->
        <test-method is-config="true" signature="setup()[pri:0, instance:Tests.HeaderSectionTest@193f604a]" started-at="2024-08-13T14:52:26 IST" name="setup" finished-at="2024-08-13T14:52:28 IST" duration-ms="2256" status="PASS">
          <reporter-output>
          </reporter-output>
        </test-method> <!-- setup -->
        <test-method signature="testAccountPage()[pri:4, instance:Tests.HeaderSectionTest@193f604a]" started-at="2024-08-13T14:52:28 IST" name="testAccountPage" finished-at="2024-08-13T14:52:29 IST" duration-ms="1131" status="PASS">
          <reporter-output>
          </reporter-output>
        </test-method> <!-- testAccountPage -->
        <test-method is-config="true" signature="tearDown()[pri:0, instance:Tests.HeaderSectionTest@193f604a]" started-at="2024-08-13T14:52:29 IST" name="tearDown" finished-at="2024-08-13T14:52:29 IST" duration-ms="93" status="PASS">
          <reporter-output>
          </reporter-output>
        </test-method> <!-- tearDown -->
      </class> <!-- Tests.HeaderSectionTest -->
    </test> <!-- test -->
  </suite> <!-- MovieAppTest -->
</testng-results>
